<?xml version="1.0" encoding="UTF-8"?>
<!-- Generated by org.testng.reporters.JUnitReportReporter -->
<testsuite hostname="charan-macbook.local" failures="0" tests="2" name="com.loginsoft.research.nc_rule3.DatabaseUtilsTestNGTest" time="0.002" errors="0" timestamp="2025-07-12T14:28:06 IST" skipped="0">
  <testcase classname="com.loginsoft.research.nc_rule3.DatabaseUtilsTestNGTest" name="testConnect_Compliant_TestNG" time="0.000"/>
  <testcase classname="com.loginsoft.research.nc_rule3.DatabaseUtilsTestNGTest" name="testConnectAndExecute_NonCompliant_TestNG" time="0.002"/>
</testsuite> <!-- com.loginsoft.research.nc_rule3.DatabaseUtilsTestNGTest -->
