<?xml version="1.0" encoding="UTF-8"?>
<!-- Generated by org.testng.reporters.JUnitReportReporter -->
<testsuite hostname="charan-macbook.local" failures="0" tests="2" name="com.loginsoft.research.nc_rule3.FileProcessorTestNGTest" time="0.002" errors="0" timestamp="2025-07-12T14:28:06 IST" skipped="0">
  <testcase classname="com.loginsoft.research.nc_rule3.FileProcessorTestNGTest" name="testProcessFileNonCompliant_TestNG" time="0.001"/>
  <testcase classname="com.loginsoft.research.nc_rule3.FileProcessorTestNGTest" name="testProcessFileCompliant_TestNG" time="0.001"/>
</testsuite> <!-- com.loginsoft.research.nc_rule3.FileProcessorTestNGTest -->
